\BOOKMARK [1][-]{section.1}{Introduction}{}% 1
\BOOKMARK [1][-]{section.2}{Methods}{}% 2
\BOOKMARK [2][-]{subsection.2.1}{Numerical procedures for solving ODEs}{section.2}% 3
\BOOKMARK [3][-]{subsubsection.2.1.1}{Euler\220s Forward method}{subsection.2.1}% 4
\BOOKMARK [3][-]{subsubsection.2.1.2}{Velocity Verlet method}{subsection.2.1}% 5
\BOOKMARK [2][-]{subsection.2.2}{Developing algorithms}{section.2}% 6
\BOOKMARK [2][-]{subsection.2.3}{Sun Earth system}{section.2}% 7
\BOOKMARK [3][-]{subsubsection.2.3.1}{Scaling}{subsection.2.3}% 8
\BOOKMARK [2][-]{subsection.2.4}{Algorithm implementation}{section.2}% 9
\BOOKMARK [2][-]{subsection.2.5}{Evaluation of initial implementasjon}{section.2}% 10
\BOOKMARK [2][-]{subsection.2.6}{On future use of the Velocity Verlet method}{section.2}% 11
\BOOKMARK [2][-]{subsection.2.7}{Escape velocity and effects of the gravitational force}{section.2}% 12
\BOOKMARK [2][-]{subsection.2.8}{Object orienting the code}{section.2}% 13
\BOOKMARK [2][-]{subsection.2.9}{NASA data and system barycenter}{section.2}% 14
\BOOKMARK [2][-]{subsection.2.10}{Three body system}{section.2}% 15
\BOOKMARK [2][-]{subsection.2.11}{Simulating the Solar System}{section.2}% 16
\BOOKMARK [2][-]{subsection.2.12}{Effects of relativity}{section.2}% 17
\BOOKMARK [1][-]{section.3}{Results}{}% 18
\BOOKMARK [2][-]{subsection.3.1}{Testing of initial implementation}{section.3}% 19
\BOOKMARK [2][-]{subsection.3.2}{Escape velocity}{section.3}% 20
\BOOKMARK [2][-]{subsection.3.3}{Effects of gravitational force}{section.3}% 21
\BOOKMARK [2][-]{subsection.3.4}{Object Orientation: verifying integrity of methods}{section.3}% 22
\BOOKMARK [2][-]{subsection.3.5}{Multi Body: Verifying integrity of implementation }{section.3}% 23
\BOOKMARK [2][-]{subsection.3.6}{Multi Body: The effects of another object on the Earth's trajectory}{section.3}% 24
\BOOKMARK [2][-]{subsection.3.7}{Solar System:verifying integrity of implementation }{section.3}% 25
\BOOKMARK [2][-]{subsection.3.8}{Effects of relativity}{section.3}% 26
\BOOKMARK [1][-]{section.4}{Discussion of results}{}% 27
\BOOKMARK [2][-]{subsection.4.1}{Initial implementation}{section.4}% 28
\BOOKMARK [2][-]{subsection.4.2}{Escape velocity}{section.4}% 29
\BOOKMARK [2][-]{subsection.4.3}{Effects og gravitational force}{section.4}% 30
\BOOKMARK [2][-]{subsection.4.4}{The three body system}{section.4}% 31
\BOOKMARK [3][-]{subsubsection.4.4.1}{Integrity of methods}{subsection.4.4}% 32
\BOOKMARK [3][-]{subsubsection.4.4.2}{Effects on Earth's trajectory}{subsection.4.4}% 33
\BOOKMARK [2][-]{subsection.4.5}{Solar system}{section.4}% 34
\BOOKMARK [3][-]{subsubsection.4.5.1}{Integrity of methods}{subsection.4.5}% 35
\BOOKMARK [2][-]{subsection.4.6}{Effects of relativty}{section.4}% 36
\BOOKMARK [1][-]{section.5}{Conclusions}{}% 37
\BOOKMARK [1][-]{section*.5}{References}{}% 38
